Hi,
Please click the following link to activate your account:
http://localhost/auth/activate.php?email=as@as.one&activation_code=bcc7f19317d3ecf9897301dadaaa9b0dHi, user2!
Please click the following link to activate your account:
http://localhost/auth/activate.php?email=as2@as.one&activation_code=88ebeeb13e8b5933ec2c4d29cc524aacHi, 
Please click the following link to activate your account:
http://localhost/auth/activate.php?email=as2@as.one&activation_code=15f2c45422b7a3e0c0887a54999bf4ffHi, 
Please click the following link to activate your account:
http://localhost/auth/activate.php?email=as2@as.one&activation_code=47615c952de174b5f5731bd77e3f78f3Hi, user2!
Please click the following link to activate your account:
http://localhost/auth/activate.php?email=as2@as.one&activation_code=f03750b9ffcc73fafef24f16509c6618
Hi, user3!
Please click the following link to activate your account:
http://localhost/auth/activate.php?email=as3@as.one&activation_code=5554da1cc4ea1e8874ef28f15cf7deba
Hi, user2
Please click the following link to reset your account's password:
http://localhost/auth/resetpwd.php?email=&activation_code=Hi, user2
Please click the following link to reset your account's password:
http://localhost/auth/resetpwd.php?email=&activation_code=Hi, 
Please click the following link to reset your account's password:
http://localhost/auth/resetpwd.php?email=as3@as.one&activation_code=Hi, 
Please click the following link to reset your account's password:
http://localhost/auth/resetpwd.php?email=as3@as.one&activation_code=Hi, 
Please click the following link to reset your account's password:
http://localhost/auth/resetpwd.php?email=as3@as.one&activation_code=e2cdefd47ec066ecee33c64b5ac08dedHi, 
Please click the following link to reset your account's password:
http://localhost/auth/resetpwd.php?email=john@mail.ua&activation_code=e01304e9a6307f5b42f739433bfc3855Hi, 
Please click the following link to reset your account's password:
http://localhost/auth/resetpwd.php?validation_code=918fac740f43561bda6d2e8da307c23e